<html>
<body>
<pre>
<h1>Build Log</h1>
<h3>
--------------------Configuration: 벽장문의 이동 - Win32 Debug--------------------
</h3>
<h3>Command Lines</h3>
Creating temporary file "c:\windows\TEMP\RSP3185.TMP" with contents
[
/nologo /MLd /W3 /Gm /GX /ZI /Od /D "WIN32" /D "_DEBUG" /D "_CONSOLE" /D "_MBCS" /Fp"Debug/벽장문의 이동.pch" /YX /Fo"Debug/" /Fd"Debug/" /FD /GZ  /c 
"D:\겨울캠프\벽장문의 이동\벽장문의 이동.cpp"
]
Creating command line "cl.exe @c:\windows\TEMP\RSP3185.TMP" 
Creating temporary file "c:\windows\TEMP\RSP3186.TMP" with contents
[
kernel32.lib user32.lib gdi32.lib winspool.lib comdlg32.lib advapi32.lib shell32.lib ole32.lib oleaut32.lib uuid.lib odbc32.lib odbccp32.lib  kernel32.lib user32.lib gdi32.lib winspool.lib comdlg32.lib advapi32.lib shell32.lib ole32.lib oleaut32.lib uuid.lib odbc32.lib odbccp32.lib /nologo /subsystem:console /incremental:yes /pdb:"Debug/벽장문의 이동.pdb" /debug /machine:I386 /out:"Debug/벽장문의 이동.exe" /pdbtype:sept 
".\Debug\벽장문의 이동.obj"
]
Creating command line "link.exe @c:\windows\TEMP\RSP3186.TMP"
<h3>Output Window</h3>
Compiling...
벽장문의 이동.cpp
d:\겨울캠프\벽장문의 이동\벽장문의 이동.cpp(22) : error C2143: syntax error : missing ')' before '}'
d:\겨울캠프\벽장문의 이동\벽장문의 이동.cpp(22) : error C2143: syntax error : missing ']' before ')'
d:\겨울캠프\벽장문의 이동\벽장문의 이동.cpp(22) : error C2109: subscript requires array or pointer type
d:\겨울캠프\벽장문의 이동\벽장문의 이동.cpp(26) : error C2601: 'input' : local function definitions are illegal
d:\겨울캠프\벽장문의 이동\벽장문의 이동.cpp(36) : error C2601: 'process' : local function definitions are illegal
d:\겨울캠프\벽장문의 이동\벽장문의 이동.cpp(41) : error C2601: 'output' : local function definitions are illegal
d:\겨울캠프\벽장문의 이동\벽장문의 이동.cpp(44) : error C2601: 'main' : local function definitions are illegal
d:\겨울캠프\벽장문의 이동\벽장문의 이동.cpp(46) : fatal error C1004: unexpected end of file found
Error executing cl.exe.



<h3>Results</h3>
벽장문의 이동.exe - 8 error(s), 0 warning(s)
</pre>
</body>
</html>
